SF:lib/src/extensions/object_extensions.dart
DA:3,1
DA:7,1
DA:11,1
DA:15,1
LF:4
LH:4
end_of_record
SF:lib/src/testing/fake_image_picker.dart
DA:11,3
DA:13,1
DA:14,1
DA:15,1
DA:16,2
DA:36,1
DA:37,1
DA:38,3
DA:39,2
DA:40,3
DA:47,1
DA:48,1
DA:49,1
DA:53,1
DA:58,1
DA:61,0
DA:65,0
DA:66,0
DA:69,0
DA:78,0
DA:80,0
LF:21
LH:15
end_of_record
SF:lib/src/testing/mock_cms_data_source.dart
DA:26,5
DA:27,5
DA:30,5
DA:31,10
DA:32,10
DA:33,10
DA:34,5
DA:36,15
DA:40,5
DA:41,5
DA:42,5
DA:43,5
DA:48,15
DA:49,5
DA:53,5
DA:58,5
DA:62,15
DA:63,5
DA:68,10
DA:69,20
DA:75,5
DA:77,15
DA:78,10
DA:79,5
DA:83,15
DA:84,10
DA:94,5
DA:97,15
DA:98,10
DA:108,5
DA:111,15
DA:112,10
DA:122,5
DA:125,15
DA:126,10
DA:136,5
DA:142,1
DA:143,2
DA:144,2
DA:145,2
DA:146,2
DA:147,1
DA:148,1
DA:149,1
DA:150,1
DA:153,3
DA:160,6
DA:161,12
DA:162,3
DA:164,1
DA:165,1
DA:166,6
DA:169,3
DA:170,9
DA:172,3
DA:175,6
DA:180,1
DA:182,2
DA:185,2
DA:193,4
DA:194,4
DA:195,2
DA:197,2
DA:202,2
DA:209,4
DA:210,6
DA:211,2
DA:220,6
DA:225,1
DA:232,2
DA:235,3
DA:236,0
DA:237,1
DA:238,1
DA:239,1
DA:242,2
DA:245,2
DA:247,4
DA:248,4
DA:249,6
DA:250,4
DA:251,4
DA:256,0
DA:258,0
DA:261,0
DA:263,0
DA:266,1
DA:272,4
DA:273,5
DA:275,1
DA:276,3
DA:277,1
DA:278,2
DA:283,0
DA:285,0
DA:286,0
DA:287,0
DA:293,0
DA:295,0
DA:298,0
DA:304,0
DA:305,0
DA:306,0
DA:309,0
DA:310,0
DA:312,0
DA:313,0
DA:314,0
DA:317,0
DA:320,0
DA:323,0
DA:326,0
DA:327,0
DA:328,0
DA:333,0
DA:339,0
DA:340,0
DA:341,0
DA:342,0
DA:343,0
DA:344,0
DA:345,0
DA:348,0
DA:349,0
DA:350,0
DA:351,0
DA:353,0
DA:356,0
DA:359,0
DA:361,0
DA:364,0
DA:366,0
DA:369,0
DA:371,0
DA:372,0
DA:373,0
DA:374,0
DA:381,1
DA:387,4
DA:388,4
DA:391,2
DA:392,2
DA:396,2
DA:397,1
DA:398,0
DA:399,0
DA:400,0
DA:401,0
DA:404,2
DA:405,1
DA:410,1
DA:411,1
DA:412,1
DA:413,1
DA:414,1
DA:415,1
DA:416,1
DA:419,2
DA:423,0
DA:428,0
DA:429,0
DA:430,0
DA:432,0
DA:433,0
DA:437,0
DA:438,0
DA:439,0
DA:440,0
DA:441,0
DA:442,0
DA:446,0
DA:447,0
DA:452,0
DA:453,0
DA:458,0
DA:461,0
DA:465,2
DA:467,2
DA:468,2
DA:473,4
DA:476,1
DA:478,2
DA:481,2
DA:489,6
DA:492,2
DA:493,2
DA:494,12
DA:498,1
DA:499,0
DA:501,0
DA:502,0
DA:503,0
DA:504,0
DA:506,0
DA:510,4
DA:512,8
DA:513,2
DA:514,12
DA:515,0
DA:516,0
DA:517,0
DA:521,2
DA:522,6
DA:523,2
DA:526,0
DA:528,0
DA:530,0
DA:534,0
DA:535,0
DA:536,0
DA:537,0
DA:543,2
DA:546,6
DA:547,2
DA:549,2
DA:550,2
DA:551,1
DA:558,2
DA:560,2
DA:561,4
DA:562,4
DA:563,4
DA:564,2
DA:567,0
DA:571,0
DA:572,0
DA:573,0
DA:574,0
DA:575,0
DA:576,0
DA:577,0
DA:579,0
DA:580,0
DA:581,0
DA:582,0
DA:583,0
DA:584,0
DA:585,0
DA:586,0
DA:588,0
LF:240
LH:136
end_of_record
SF:lib/src/data/cms_data_source.dart
DA:288,1
DA:290,0
DA:292,0
DA:293,0
DA:295,0
DA:302,1
DA:304,0
DA:305,0
DA:316,0
DA:320,0
DA:322,0
DA:324,0
DA:325,0
DA:327,0
DA:336,1
DA:338,0
DA:340,0
DA:341,0
DA:343,0
LF:19
LH:3
end_of_record
SF:lib/src/data/models/cms_document.dart
DA:41,5
DA:56,1
DA:69,1
DA:70,1
DA:71,1
DA:72,1
DA:73,0
DA:74,0
DA:75,0
DA:77,1
DA:78,2
DA:80,1
DA:81,0
DA:82,1
DA:83,1
DA:88,0
DA:89,0
DA:92,0
DA:94,0
DA:98,0
DA:102,0
DA:103,0
DA:104,0
DA:105,0
DA:106,0
DA:107,0
DA:108,0
DA:110,0
DA:111,0
DA:113,0
DA:114,0
DA:116,0
DA:117,0
DA:122,0
DA:123,0
DA:124,0
DA:125,0
DA:126,0
DA:127,0
DA:128,0
DA:129,0
DA:130,0
DA:131,0
DA:132,0
DA:133,0
DA:134,0
DA:138,0
DA:140,0
DA:143,0
DA:146,0
DA:147,0
DA:148,0
DA:149,0
DA:152,0
DA:153,0
LF:55
LH:11
end_of_record
SF:lib/src/data/models/document_list.dart
DA:19,3
DA:27,0
DA:30,0
DA:33,0
DA:36,0
DA:39,0
DA:42,0
DA:52,0
DA:58,0
DA:59,0
DA:60,0
DA:61,0
DA:62,0
DA:67,0
DA:68,0
DA:69,0
DA:70,0
DA:71,0
DA:72,0
DA:73,0
DA:74,0
DA:79,0
DA:80,0
DA:81,0
DA:82,0
DA:83,0
DA:84,0
DA:88,0
DA:90,0
LF:29
LH:1
end_of_record
SF:lib/src/data/models/document_version.dart
DA:20,0
DA:21,0
DA:22,0
DA:23,0
DA:66,5
DA:81,0
DA:84,0
DA:87,0
DA:90,0
DA:93,0
DA:106,0
DA:107,0
DA:108,0
DA:109,0
DA:110,0
DA:111,0
DA:112,0
DA:113,0
DA:114,0
DA:115,0
DA:116,0
DA:117,0
DA:122,0
DA:123,0
DA:124,0
DA:125,0
DA:126,0
DA:127,0
DA:128,0
DA:129,0
DA:130,0
DA:131,0
DA:133,0
DA:134,0
DA:136,0
DA:137,0
DA:139,0
DA:140,0
DA:142,0
DA:147,0
DA:148,0
DA:149,0
DA:150,0
DA:151,0
DA:152,0
DA:153,0
DA:154,0
DA:155,0
DA:156,0
DA:157,0
DA:158,0
DA:159,0
DA:163,0
DA:165,0
DA:168,0
DA:171,0
DA:172,0
DA:173,0
DA:174,0
DA:177,0
DA:178,0
DA:195,2
DA:203,0
DA:206,0
DA:209,0
DA:212,0
DA:221,0
DA:223,0
LF:68
LH:2
end_of_record
SF:lib/src/data/models/image_types.dart
DA:11,1
DA:12,0
DA:13,0
DA:14,0
DA:15,0
DA:16,0
DA:18,0
DA:19,0
DA:20,0
DA:25,1
DA:26,0
DA:27,0
DA:28,0
DA:29,0
DA:30,0
DA:32,0
DA:38,0
DA:39,0
DA:40,0
DA:41,0
DA:42,0
DA:43,0
DA:45,0
DA:51,0
DA:52,0
DA:53,0
DA:54,0
DA:55,0
DA:56,0
DA:58,0
DA:59,0
DA:60,0
DA:61,0
DA:62,0
DA:68,0
DA:69,0
DA:70,0
DA:71,0
DA:73,0
DA:80,2
LF:40
LH:3
end_of_record
SF:lib/src/data/models/media_asset.dart
DA:24,5
DA:44,0
DA:46,0
DA:47,0
DA:48,0
DA:49,0
DA:52,0
DA:54,0
DA:55,0
DA:56,0
DA:60,0
DA:61,0
DA:62,0
DA:66,0
DA:67,0
DA:68,0
DA:69,0
DA:73,0
DA:74,0
DA:75,0
DA:76,0
DA:77,0
DA:78,0
DA:79,0
DA:80,0
DA:81,0
DA:82,0
DA:83,0
DA:84,0
DA:88,0
DA:89,0
DA:90,0
DA:94,0
DA:95,0
DA:96,0
DA:97,0
DA:98,0
DA:99,0
DA:100,0
DA:101,0
DA:102,0
DA:103,0
DA:104,0
DA:105,0
DA:106,0
DA:107,0
DA:108,0
DA:109,0
DA:110,0
DA:111,0
DA:112,0
LF:51
LH:1
end_of_record
SF:lib/src/data/models/media_page.dart
DA:6,2
LF:1
LH:1
end_of_record
SF:lib/src/testing/test_document_types.dart
DA:8,6
DA:12,2
DA:95,2
DA:99,2
DA:101,2
DA:105,2
DA:164,1
DA:165,2
DA:167,1
DA:169,2
DA:170,2
DA:172,3
DA:173,1
DA:174,1
DA:175,3
DA:176,5
DA:177,1
DA:178,1
DA:179,1
DA:180,1
DA:181,1
DA:182,0
DA:186,1
DA:187,1
DA:189,1
DA:191,1
DA:192,3
DA:193,3
DA:194,3
DA:195,3
DA:196,3
DA:197,3
DA:198,3
DA:199,3
DA:200,3
DA:201,2
DA:202,1
DA:203,1
DA:205,3
DA:206,3
DA:207,3
DA:208,3
DA:209,3
DA:210,3
DA:211,3
DA:221,3
DA:223,1
DA:225,3
DA:231,2
DA:233,0
DA:235,0
DA:236,0
DA:237,0
DA:238,0
DA:239,0
DA:240,0
DA:241,0
DA:242,0
DA:246,0
DA:249,0
DA:252,0
DA:255,0
LF:62
LH:48
end_of_record
SF:lib/src/studio/providers/studio_provider.dart
DA:9,2
DA:20,2
DA:22,2
DA:23,8
DA:24,2
DA:25,10
DA:26,2
DA:32,6
DA:33,4
DA:36,6
DA:37,4
DA:40,4
LF:12
LH:12
end_of_record
SF:lib/src/media/quick_metadata_extractor.dart
DA:10,1
DA:11,1
DA:14,1
DA:16,1
DA:18,0
DA:21,1
DA:22,1
DA:23,1
DA:26,2
DA:29,1
DA:30,1
DA:32,1
LF:12
LH:11
end_of_record
SF:lib/src/inputs/array_input.dart
DA:14,2
DA:22,1
DA:23,1
DA:31,1
DA:33,1
DA:34,6
DA:37,1
DA:38,3
DA:40,2
DA:41,2
DA:42,1
DA:46,0
DA:50,0
DA:51,0
DA:52,0
DA:53,0
DA:54,0
DA:59,1
DA:60,2
DA:61,3
DA:63,1
DA:64,3
DA:66,0
DA:68,0
DA:70,1
DA:71,1
DA:73,4
DA:76,0
DA:77,0
DA:78,0
DA:79,0
DA:83,1
DA:84,2
DA:85,2
DA:87,4
DA:90,0
DA:91,0
DA:92,0
DA:93,0
DA:95,0
DA:96,0
DA:98,0
DA:101,1
DA:103,4
DA:107,1
DA:109,1
DA:110,1
DA:111,1
DA:112,1
DA:113,1
DA:115,1
DA:116,1
DA:118,1
DA:119,1
DA:120,3
DA:121,3
DA:125,1
DA:126,1
DA:127,1
DA:128,1
DA:129,1
DA:131,1
DA:147,5
DA:148,1
DA:149,1
DA:151,3
DA:152,2
DA:156,2
DA:157,1
DA:160,2
DA:161,1
DA:163,1
DA:164,2
DA:166,1
DA:167,2
DA:169,0
DA:170,0
DA:171,1
DA:177,1
DA:178,6
DA:179,1
DA:187,1
DA:192,1
DA:193,1
DA:194,1
DA:196,1
DA:198,1
DA:199,1
DA:200,1
DA:205,1
DA:206,1
DA:215,1
DA:220,2
DA:221,1
DA:225,4
DA:227,0
DA:228,0
DA:229,0
DA:235,1
DA:236,2
DA:237,1
DA:238,2
DA:239,1
DA:246,1
DA:247,1
DA:248,3
DA:250,1
DA:252,1
DA:254,1
DA:255,1
DA:256,1
DA:259,1
DA:263,1
DA:266,2
DA:271,1
DA:272,7
DA:275,1
DA:276,1
DA:278,0
DA:282,1
DA:284,2
LF:121
LH:96
end_of_record
SF:lib/src/inputs/block_input.dart
DA:9,0
DA:10,0
DA:11,0
DA:25,1
DA:32,0
DA:33,0
DA:42,0
DA:44,0
DA:46,0
DA:47,0
DA:48,0
DA:50,0
DA:51,0
DA:52,0
DA:57,0
DA:58,0
DA:59,0
DA:62,0
DA:63,0
DA:65,0
DA:66,0
DA:67,0
DA:68,0
DA:73,0
DA:74,0
DA:75,0
DA:76,0
DA:81,0
DA:83,0
DA:84,0
DA:85,0
DA:86,0
DA:89,0
DA:91,0
DA:95,0
DA:97,0
DA:99,0
DA:100,0
DA:101,0
DA:102,0
DA:104,0
DA:106,0
DA:107,0
DA:108,0
DA:109,0
DA:110,0
DA:111,0
DA:114,0
DA:115,0
DA:116,0
DA:117,0
DA:118,0
DA:119,0
DA:120,0
DA:121,0
DA:122,0
DA:135,0
DA:136,0
DA:137,0
DA:138,0
DA:139,0
DA:140,0
DA:141,0
DA:147,0
DA:148,0
DA:149,0
DA:150,0
DA:154,0
DA:155,0
DA:156,0
DA:157,0
DA:161,0
DA:162,0
DA:163,0
DA:164,0
DA:174,0
DA:186,0
DA:187,0
DA:191,0
DA:192,0
DA:193,0
DA:194,0
DA:196,0
DA:198,0
DA:199,0
DA:202,0
DA:204,0
DA:205,0
DA:208,0
DA:210,0
DA:213,0
DA:214,0
DA:217,0
DA:218,0
DA:223,0
DA:226,0
DA:227,0
DA:230,0
DA:231,0
DA:232,0
DA:233,0
DA:234,0
DA:235,0
DA:238,0
DA:239,0
DA:240,0
DA:243,0
DA:246,0
DA:247,0
DA:250,0
DA:251,0
DA:252,0
DA:253,0
DA:256,0
DA:257,0
DA:258,0
DA:263,0
DA:267,0
DA:268,0
DA:270,0
DA:274,0
DA:275,0
DA:278,0
DA:279,0
DA:280,0
DA:281,0
DA:287,0
DA:288,0
DA:291,0
DA:292,0
DA:296,0
DA:298,0
DA:299,0
DA:301,0
DA:302,0
DA:303,0
DA:304,0
DA:305,0
DA:306,0
DA:308,0
DA:310,0
DA:312,0
DA:313,0
DA:317,0
DA:318,0
DA:320,0
DA:324,0
DA:325,0
DA:327,0
DA:331,0
DA:332,0
DA:334,0
DA:338,0
DA:339,0
DA:341,0
DA:343,0
DA:345,0
DA:348,0
DA:352,0
DA:353,0
DA:355,0
DA:359,0
DA:360,0
DA:362,0
DA:366,0
DA:368,0
DA:370,0
DA:372,0
DA:374,0
DA:377,0
DA:381,0
DA:382,0
DA:384,0
DA:388,0
DA:389,0
DA:391,0
DA:395,0
DA:396,0
DA:407,0
DA:421,0
DA:423,0
DA:425,0
DA:428,0
DA:429,0
DA:430,0
DA:431,0
DA:433,0
DA:435,0
DA:436,0
DA:437,0
DA:438,0
DA:440,0
DA:441,0
DA:442,0
DA:446,0
DA:454,0
DA:456,0
DA:458,0
DA:465,0
DA:468,0
DA:478,0
DA:481,0
DA:482,0
DA:484,0
DA:486,0
DA:493,0
DA:494,0
DA:496,0
DA:500,0
DA:501,0
DA:502,0
DA:505,0
DA:508,0
DA:509,0
DA:512,0
DA:516,0
DA:519,0
DA:521,0
DA:522,0
DA:525,0
DA:527,0
DA:528,0
DA:531,0
DA:533,0
DA:534,0
DA:537,0
DA:539,0
DA:540,0
DA:543,0
DA:545,0
DA:546,0
DA:549,0
DA:552,0
DA:554,0
DA:555,0
DA:556,0
DA:557,0
DA:561,0
DA:563,0
DA:566,0
DA:569,0
DA:570,0
LF:242
LH:1
end_of_record
SF:lib/src/inputs/boolean_input.dart
DA:6,0
DA:7,0
DA:8,0
DA:21,2
DA:27,2
DA:28,2
DA:33,2
DA:35,2
DA:36,6
DA:37,2
DA:38,2
DA:39,2
DA:44,2
DA:46,8
DA:49,2
DA:50,2
DA:51,2
DA:52,2
DA:53,2
DA:54,2
DA:55,4
DA:56,2
DA:58,6
DA:62,12
LF:24
LH:21
end_of_record
SF:lib/src/inputs/checkbox_input.dart
DA:6,0
DA:7,0
DA:8,0
DA:22,2
DA:29,2
DA:30,2
DA:36,2
DA:38,2
DA:39,15
DA:42,1
DA:44,1
DA:45,4
DA:46,0
DA:50,2
DA:52,8
DA:56,2
DA:57,8
DA:59,2
DA:61,2
DA:62,2
DA:64,2
DA:65,2
DA:66,2
DA:67,1
DA:68,2
DA:69,1
DA:71,3
DA:75,2
DA:76,2
DA:77,1
DA:78,2
DA:79,2
DA:81,4
DA:83,6
DA:88,7
DA:90,1
DA:92,1
DA:93,3
DA:94,2
LF:39
LH:35
end_of_record
SF:lib/src/inputs/color_input.dart
DA:11,2
DA:18,2
DA:19,2
DA:25,2
DA:27,2
DA:28,10
DA:31,2
DA:32,1
DA:34,1
DA:35,2
DA:36,3
DA:37,0
DA:38,0
DA:46,2
DA:47,10
DA:50,1
DA:51,1
DA:52,1
DA:54,2
DA:55,1
DA:56,4
DA:57,4
DA:58,1
DA:59,2
DA:60,1
DA:62,4
DA:68,2
DA:70,8
DA:74,2
DA:76,2
DA:78,2
DA:79,2
DA:80,6
DA:81,6
DA:84,2
DA:85,2
DA:87,2
DA:88,2
DA:89,2
DA:90,2
DA:93,2
DA:94,2
DA:95,6
DA:96,2
DA:102,2
DA:103,2
DA:104,4
DA:105,1
DA:106,1
DA:108,2
DA:109,1
DA:111,3
DA:131,1
DA:138,1
DA:139,1
DA:145,1
DA:147,1
DA:148,4
DA:151,0
DA:152,0
DA:153,0
DA:157,1
DA:159,1
DA:161,1
DA:163,1
DA:165,1
DA:167,1
DA:169,1
DA:172,1
DA:173,2
DA:174,1
DA:175,3
DA:181,1
DA:183,2
DA:185,0
DA:186,0
DA:188,1
DA:189,1
DA:190,1
DA:191,1
DA:192,1
DA:193,1
DA:194,1
DA:195,1
DA:196,1
DA:202,1
DA:204,2
DA:206,0
DA:207,0
DA:209,1
DA:210,1
DA:211,3
DA:212,3
DA:218,1
DA:220,2
DA:222,0
DA:223,0
DA:225,1
DA:226,1
DA:227,3
DA:228,3
DA:234,2
DA:235,0
DA:237,0
DA:239,0
DA:240,0
DA:242,0
DA:243,0
DA:244,0
DA:245,0
DA:251,2
DA:255,0
DA:259,0
DA:260,0
DA:261,0
DA:262,0
DA:264,0
DA:267,0
DA:270,0
DA:271,0
DA:277,0
DA:283,1
DA:284,1
DA:285,3
DA:288,1
DA:290,1
DA:291,5
DA:292,2
DA:300,1
DA:307,1
DA:309,1
DA:310,1
DA:311,4
DA:315,1
DA:317,1
DA:319,1
DA:321,1
LF:137
LH:108
end_of_record
SF:lib/src/inputs/date_input.dart
DA:6,0
DA:7,0
DA:8,0
DA:22,2
DA:29,2
DA:30,2
DA:36,2
DA:38,2
DA:39,7
DA:40,2
DA:41,3
DA:46,2
DA:48,8
DA:52,2
DA:53,2
DA:54,8
DA:55,1
DA:56,2
DA:57,1
DA:59,3
LF:20
LH:17
end_of_record
SF:lib/src/inputs/datetime_input.dart
DA:6,0
DA:7,0
DA:8,0
DA:22,2
DA:29,2
DA:30,2
DA:36,2
DA:38,2
DA:39,7
DA:40,2
DA:41,3
DA:46,1
DA:47,1
DA:48,1
DA:50,2
DA:51,4
DA:52,1
DA:53,1
DA:54,2
DA:57,1
DA:59,1
DA:60,2
DA:65,1
DA:67,1
DA:68,1
DA:69,1
DA:70,0
DA:72,0
DA:73,0
DA:74,0
DA:75,0
DA:76,0
DA:77,0
DA:78,0
DA:85,1
DA:87,1
DA:88,2
DA:89,1
DA:90,0
DA:92,0
DA:93,0
DA:94,0
DA:95,0
DA:96,0
DA:97,0
DA:98,0
DA:99,0
DA:111,2
DA:112,1
DA:114,4
DA:118,2
DA:120,8
DA:124,2
DA:126,2
DA:127,14
DA:129,2
DA:130,2
DA:131,2
DA:132,2
DA:133,18
DA:134,1
LF:61
LH:41
end_of_record
SF:lib/src/inputs/dropdown_input.dart
DA:7,0
DA:8,0
DA:9,0
DA:26,3
DA:37,2
DA:39,6
DA:42,2
DA:43,0
DA:44,0
DA:45,0
DA:47,0
DA:49,0
DA:50,0
DA:55,0
DA:56,0
DA:57,0
DA:60,0
DA:61,0
DA:62,0
DA:63,0
DA:66,0
DA:67,0
DA:73,2
DA:74,4
DA:75,4
DA:76,6
DA:78,6
DA:79,2
DA:80,2
DA:95,2
DA:106,2
DA:107,2
DA:113,2
DA:115,2
DA:116,6
DA:119,0
DA:121,0
DA:122,0
DA:123,0
DA:124,0
DA:128,2
DA:130,4
DA:131,2
DA:135,2
DA:136,9
DA:138,1
DA:141,2
DA:143,2
DA:144,4
DA:146,2
DA:147,0
DA:149,0
DA:150,0
DA:151,0
DA:152,0
DA:155,0
DA:157,0
DA:158,0
DA:159,0
DA:161,0
DA:163,0
DA:165,0
DA:173,2
DA:174,2
DA:175,8
DA:177,2
DA:179,2
DA:181,2
DA:182,8
DA:183,2
DA:184,4
DA:185,6
DA:189,2
DA:190,2
DA:191,2
DA:192,4
DA:193,4
DA:197,1
DA:198,1
DA:199,3
DA:201,2
DA:203,1
DA:204,3
DA:207,4
DA:209,0
LF:85
LH:49
end_of_record
SF:lib/src/inputs/multi_dropdown_input.dart
DA:7,3
DA:18,2
DA:20,6
DA:23,2
DA:24,0
DA:26,0
DA:27,0
DA:30,0
DA:31,0
DA:32,0
DA:33,0
DA:34,0
DA:36,0
DA:37,0
DA:38,0
DA:39,0
DA:40,0
DA:46,2
DA:47,4
DA:48,4
DA:49,6
DA:51,6
DA:52,6
DA:53,6
DA:54,2
DA:55,2
DA:71,2
DA:84,2
DA:86,2
DA:92,2
DA:94,2
DA:95,6
DA:98,2
DA:100,2
DA:101,8
DA:102,3
DA:106,2
DA:108,4
DA:109,2
DA:112,2
DA:113,9
DA:115,2
DA:119,2
DA:121,2
DA:122,4
DA:124,2
DA:125,2
DA:127,2
DA:128,2
DA:129,4
DA:130,6
DA:133,2
DA:135,2
DA:136,6
DA:137,2
DA:139,6
DA:141,4
DA:143,0
DA:150,4
DA:151,8
DA:152,2
DA:154,6
DA:156,4
DA:158,2
DA:160,2
DA:161,8
DA:162,2
DA:163,4
DA:164,6
DA:168,2
DA:169,2
DA:170,2
DA:171,4
DA:172,4
DA:177,1
DA:179,2
DA:180,5
DA:181,0
DA:182,1
DA:183,1
DA:185,1
DA:187,2
DA:188,0
DA:191,2
DA:192,4
DA:195,4
DA:197,0
LF:87
LH:70
end_of_record
SF:lib/src/inputs/file_input.dart
DA:8,0
DA:9,0
DA:10,0
DA:24,2
DA:31,1
DA:32,1
DA:41,1
DA:43,1
DA:44,3
DA:45,1
DA:46,0
DA:50,0
DA:52,0
DA:57,0
DA:58,0
DA:59,0
DA:60,0
DA:61,0
DA:62,0
DA:64,0
DA:67,0
DA:68,0
DA:69,0
DA:70,0
DA:75,0
DA:76,0
DA:77,0
DA:78,0
DA:79,0
DA:80,0
DA:82,0
DA:85,0
DA:86,0
DA:87,0
DA:88,0
DA:89,0
DA:90,0
DA:91,0
DA:93,0
DA:97,0
DA:100,0
DA:102,0
DA:104,0
DA:105,0
DA:107,0
DA:108,0
DA:110,0
DA:111,0
DA:113,0
DA:114,0
DA:115,0
DA:117,0
DA:118,0
DA:119,0
DA:120,0
DA:121,0
DA:123,0
DA:124,0
DA:125,0
DA:127,0
DA:128,0
DA:129,0
DA:131,0
DA:138,1
DA:140,4
DA:144,1
DA:145,1
DA:147,1
DA:149,1
DA:150,6
DA:152,0
DA:153,0
DA:155,0
DA:156,0
DA:157,0
DA:159,0
DA:160,0
DA:161,0
DA:162,0
DA:164,0
DA:167,0
DA:168,0
DA:170,0
DA:171,0
DA:172,0
DA:173,0
DA:176,0
DA:177,0
DA:178,0
DA:179,0
DA:180,0
DA:187,0
DA:189,0
DA:195,0
DA:196,0
DA:201,1
DA:202,1
LF:97
LH:16
end_of_record
SF:lib/src/inputs/geopoint_input.dart
DA:8,0
DA:9,0
DA:10,0
DA:24,2
DA:31,1
DA:32,1
DA:39,1
DA:41,1
DA:43,3
DA:47,1
DA:48,1
DA:49,1
DA:52,3
DA:53,3
DA:56,1
DA:58,2
DA:59,2
DA:60,1
DA:63,0
DA:64,0
DA:68,0
DA:73,0
DA:74,0
DA:77,0
DA:78,0
DA:86,1
DA:88,4
DA:92,1
DA:94,1
DA:96,1
DA:97,3
DA:98,1
DA:100,1
DA:102,1
DA:103,1
DA:104,3
DA:105,3
DA:108,1
DA:109,1
DA:110,1
DA:111,1
DA:112,1
DA:118,1
DA:119,2
DA:121,0
DA:122,1
DA:123,1
DA:124,3
DA:126,0
DA:128,3
DA:134,1
DA:135,1
DA:136,1
DA:142,1
DA:143,2
DA:145,0
DA:146,1
DA:147,3
DA:148,1
DA:150,4
DA:152,0
DA:160,1
DA:161,1
DA:162,1
DA:165,2
DA:168,1
DA:169,1
DA:171,3
DA:172,2
DA:180,1
DA:182,0
DA:184,0
LF:72
LH:56
end_of_record
SF:lib/src/inputs/image_input.dart
DA:23,0
DA:24,0
DA:25,0
DA:26,0
DA:28,0
DA:48,2
DA:57,2
DA:58,2
DA:62,4
DA:63,4
DA:64,4
DA:65,4
DA:68,4
DA:72,2
DA:74,2
DA:75,2
DA:78,2
DA:79,5
DA:80,2
DA:81,1
DA:86,1
DA:92,1
DA:93,1
DA:94,2
DA:97,3
DA:98,1
DA:99,3
DA:106,1
DA:108,2
DA:111,1
DA:112,0
DA:113,0
DA:115,0
DA:116,0
DA:117,0
DA:121,0
DA:122,0
DA:124,0
DA:128,0
DA:132,0
DA:133,0
DA:134,0
DA:136,0
DA:139,0
DA:140,0
DA:146,0
DA:149,0
DA:150,0
DA:151,0
DA:152,0
DA:154,0
DA:156,0
DA:157,0
DA:158,0
DA:162,0
DA:163,0
DA:165,0
DA:166,0
DA:168,0
DA:169,0
DA:173,0
DA:174,0
DA:176,0
DA:178,0
DA:179,0
DA:180,0
DA:182,0
DA:183,0
DA:185,0
DA:187,0
DA:188,0
DA:189,0
DA:190,0
DA:193,0
DA:196,1
DA:197,2
DA:198,2
DA:199,2
DA:200,2
DA:201,3
DA:204,0
DA:205,0
DA:208,0
DA:209,0
DA:210,0
DA:212,0
DA:213,0
DA:214,0
DA:215,0
DA:216,0
DA:217,0
DA:221,0
DA:222,0
DA:223,0
DA:230,0
DA:231,0
DA:233,0
DA:234,0
DA:235,0
DA:238,0
DA:239,0
DA:241,0
DA:242,0
DA:243,0
DA:244,0
DA:245,0
DA:246,0
DA:248,0
DA:254,2
DA:255,4
DA:256,4
DA:257,4
DA:258,4
DA:260,2
DA:263,2
DA:264,2
DA:266,0
DA:267,4
DA:270,2
DA:271,6
DA:273,2
DA:274,2
DA:275,2
DA:280,2
DA:287,2
DA:288,2
DA:289,0
DA:291,0
DA:293,0
DA:295,0
DA:296,0
DA:297,0
DA:299,0
DA:302,0
DA:303,0
DA:306,0
DA:308,0
DA:322,2
DA:323,0
DA:324,0
DA:327,0
DA:328,2
DA:330,1
DA:333,0
DA:334,0
DA:335,0
DA:337,0
DA:340,0
DA:342,0
DA:343,0
DA:350,1
DA:352,1
DA:354,1
DA:355,3
DA:364,2
DA:365,2
DA:367,2
DA:368,2
DA:371,4
DA:374,2
DA:376,6
DA:377,4
DA:385,1
DA:391,1
DA:392,1
DA:397,1
DA:398,2
DA:401,2
DA:402,2
DA:403,2
DA:404,1
DA:405,1
DA:414,1
DA:416,2
DA:417,2
DA:418,2
DA:419,2
DA:424,2
DA:426,8
DA:430,2
DA:431,4
DA:432,4
DA:433,4
DA:435,8
DA:437,2
DA:438,2
DA:440,2
DA:443,0
DA:444,0
DA:447,0
DA:448,0
DA:450,0
DA:451,0
DA:453,2
DA:454,2
DA:455,10
DA:457,2
DA:459,2
DA:460,6
DA:461,6
DA:466,2
DA:467,2
DA:468,2
DA:472,0
DA:474,0
DA:476,0
DA:477,0
DA:482,2
DA:485,2
DA:488,2
DA:490,2
DA:492,2
DA:505,2
DA:507,2
DA:521,1
DA:523,1
DA:537,1
DA:539,1
LF:218
LH:109
end_of_record
SF:lib/src/inputs/number_input.dart
DA:7,0
DA:8,0
DA:9,0
DA:23,3
DA:30,3
DA:32,9
DA:36,3
DA:37,7
DA:38,9
DA:41,3
DA:42,6
DA:44,2
DA:45,2
DA:46,2
DA:47,4
DA:50,0
DA:51,0
DA:54,0
DA:58,0
DA:61,0
DA:62,0
DA:64,0
DA:65,0
DA:69,0
DA:70,0
LF:25
LH:12
end_of_record
SF:lib/src/inputs/object_input.dart
DA:9,0
DA:10,0
DA:11,0
DA:12,0
DA:14,0
DA:71,2
DA:78,1
DA:79,1
DA:85,1
DA:87,1
DA:88,2
DA:89,4
DA:93,1
DA:95,1
DA:96,6
DA:97,2
DA:98,3
DA:103,1
DA:104,2
DA:105,2
DA:107,4
DA:110,1
DA:111,6
DA:112,3
DA:113,6
DA:116,1
DA:118,2
DA:123,1
DA:125,2
DA:126,2
DA:127,2
DA:129,1
DA:130,1
DA:135,1
DA:136,1
DA:138,1
DA:139,3
DA:140,1
DA:142,1
DA:145,1
DA:148,1
DA:149,0
DA:150,0
DA:157,1
DA:158,1
DA:160,1
DA:161,3
DA:163,1
DA:165,1
DA:168,1
DA:169,0
DA:170,0
DA:177,1
DA:179,4
DA:183,1
DA:185,1
DA:187,1
DA:189,1
DA:190,1
DA:191,3
DA:193,3
DA:195,4
DA:197,1
DA:198,3
DA:199,2
DA:202,1
DA:203,7
DA:205,1
DA:218,0
DA:223,0
DA:224,0
DA:230,0
DA:232,0
DA:233,0
DA:236,0
DA:238,0
DA:240,0
DA:242,0
DA:243,0
DA:244,0
DA:245,0
DA:246,0
DA:247,0
DA:248,0
DA:252,0
DA:255,0
DA:256,0
DA:257,0
DA:258,0
DA:263,0
DA:265,0
DA:278,1
DA:284,1
DA:285,1
DA:291,1
DA:293,1
DA:294,4
DA:297,1
DA:299,1
DA:300,2
DA:302,1
DA:304,1
DA:305,1
DA:306,1
DA:307,5
DA:309,1
DA:310,1
DA:311,2
DA:312,1
DA:313,1
DA:317,2
DA:321,1
DA:322,1
DA:323,2
DA:324,1
DA:329,3
DA:331,4
DA:333,2
DA:335,4
DA:337,3
LF:120
LH:88
end_of_record
SF:lib/src/inputs/string_input.dart
DA:6,0
DA:7,0
DA:8,0
DA:22,3
DA:29,3
DA:30,3
DA:37,3
DA:39,3
DA:40,12
DA:41,6
DA:42,6
DA:45,9
DA:48,3
DA:49,15
DA:52,2
DA:54,2
DA:55,8
DA:56,6
DA:57,11
DA:58,6
DA:59,4
DA:60,6
DA:64,3
DA:66,9
DA:67,6
DA:68,6
DA:69,3
DA:72,3
DA:74,12
DA:78,3
DA:79,3
DA:80,3
DA:81,12
DA:84,9
DA:85,4
LF:35
LH:32
end_of_record
SF:lib/src/inputs/text_input.dart
DA:6,0
DA:7,0
DA:8,0
DA:9,0
DA:12,0
DA:22,2
DA:29,2
DA:30,2
DA:37,2
DA:39,2
DA:41,13
DA:42,4
DA:43,4
DA:46,6
DA:49,1
DA:50,5
DA:53,1
DA:55,1
DA:57,6
DA:58,3
DA:59,0
DA:60,0
DA:61,0
DA:62,0
DA:66,2
DA:68,6
DA:69,4
DA:70,4
DA:71,2
DA:74,2
DA:76,8
DA:80,2
DA:82,8
DA:83,0
DA:85,6
DA:87,2
DA:89,2
DA:90,10
DA:91,1
DA:93,1
DA:94,1
DA:95,3
DA:99,2
DA:100,2
DA:101,2
DA:102,2
DA:105,6
DA:106,4
DA:108,8
DA:109,8
LF:50
LH:40
end_of_record
SF:lib/src/inputs/url_input.dart
DA:6,0
DA:7,0
DA:8,0
DA:22,2
DA:29,2
DA:30,2
DA:38,2
DA:40,2
DA:41,6
DA:42,4
DA:43,4
DA:46,6
DA:49,1
DA:50,2
DA:51,1
DA:52,3
DA:55,1
DA:56,1
DA:57,3
DA:61,1
DA:62,3
DA:63,1
DA:64,1
DA:65,1
DA:69,3
DA:72,0
DA:76,1
DA:78,1
DA:79,2
DA:80,3
DA:81,0
DA:82,0
DA:83,0
DA:84,0
DA:88,2
DA:90,6
DA:91,4
DA:92,4
DA:93,2
DA:96,2
DA:98,8
DA:102,2
DA:103,2
DA:104,2
DA:105,8
DA:108,2
LF:46
LH:38
end_of_record
SF:lib/src/studio/cms_studio_app.dart
DA:19,0
DA:40,0
DA:41,0
DA:48,0
DA:50,0
DA:51,0
DA:52,0
DA:53,0
DA:54,0
DA:55,0
DA:57,0
DA:60,0
DA:61,0
DA:62,0
DA:63,0
DA:66,0
DA:68,0
DA:69,0
DA:72,0
DA:74,0
DA:76,0
DA:77,0
DA:79,0
DA:80,0
DA:81,0
DA:82,0
DA:83,0
DA:84,0
DA:85,0
DA:87,0
DA:88,0
DA:99,0
DA:105,0
DA:107,0
DA:108,0
DA:111,0
DA:113,0
LF:37
LH:0
end_of_record
SF:lib/src/cloud/cloud_data_source.dart
DA:31,0
DA:37,0
DA:45,0
DA:52,0
DA:53,0
DA:54,0
DA:55,0
DA:56,0
DA:59,0
DA:63,0
DA:66,0
DA:68,0
DA:70,0
DA:74,0
DA:83,0
DA:90,0
DA:91,0
DA:92,0
DA:95,0
DA:97,0
DA:101,0
DA:109,0
DA:116,0
DA:117,0
DA:118,0
DA:121,0
DA:123,0
DA:127,0
DA:130,0
DA:131,0
DA:132,0
DA:135,0
DA:137,0
DA:141,0
DA:144,0
DA:146,0
DA:150,0
DA:153,0
DA:155,0
DA:163,0
DA:171,0
DA:179,0
DA:183,0
DA:184,0
DA:185,0
DA:187,0
DA:189,0
DA:190,0
DA:194,0
DA:195,0
DA:200,0
DA:202,0
DA:203,0
DA:204,0
DA:207,0
DA:211,0
DA:214,0
DA:217,0
DA:219,0
DA:223,0
DA:226,0
DA:229,0
DA:233,0
DA:241,0
DA:243,0
DA:248,0
DA:249,0
DA:250,0
DA:253,0
DA:255,0
DA:259,0
DA:262,0
DA:264,0
DA:265,0
DA:266,0
DA:269,0
DA:271,0
DA:275,0
DA:278,0
DA:280,0
DA:281,0
DA:282,0
DA:285,0
DA:287,0
DA:291,0
DA:294,0
DA:295,0
DA:296,0
DA:299,0
DA:301,0
DA:309,0
DA:316,0
DA:317,0
DA:320,0
DA:321,0
DA:322,0
DA:323,0
DA:324,0
DA:326,0
DA:327,0
DA:328,0
DA:331,0
DA:333,0
DA:337,0
DA:340,0
DA:341,0
DA:342,0
DA:343,0
DA:344,0
DA:347,0
DA:349,0
DA:353,0
DA:356,0
DA:357,0
DA:358,0
DA:361,0
DA:363,0
DA:367,0
DA:370,0
DA:372,0
DA:374,0
DA:378,0
DA:388,0
DA:389,0
DA:390,0
DA:391,0
DA:392,0
DA:393,0
DA:396,0
DA:397,0
DA:398,0
DA:399,0
DA:400,0
DA:402,0
DA:409,0
DA:413,0
DA:414,0
DA:416,0
DA:420,0
DA:424,0
DA:428,0
DA:429,0
DA:430,0
DA:433,0
DA:435,0
DA:439,0
DA:442,0
DA:444,0
DA:453,0
DA:457,0
DA:459,0
DA:465,0
DA:466,0
DA:467,0
DA:468,0
DA:469,0
DA:470,0
DA:471,0
DA:474,0
DA:475,0
DA:476,0
DA:477,0
DA:482,0
DA:484,0
DA:486,0
DA:487,0
DA:493,0
DA:495,0
DA:500,0
DA:501,0
DA:502,0
DA:503,0
DA:507,0
DA:508,0
DA:509,0
DA:510,0
DA:511,0
DA:512,0
DA:513,0
DA:514,0
DA:515,0
DA:516,0
DA:517,0
DA:518,0
DA:522,0
DA:523,0
DA:524,0
DA:528,0
DA:532,0
DA:534,0
DA:536,0
DA:542,0
DA:543,0
DA:544,0
DA:545,0
DA:546,0
DA:547,0
DA:548,0
DA:549,0
DA:550,0
DA:551,0
DA:552,0
DA:553,0
DA:558,0
DA:562,0
DA:563,0
DA:564,0
DA:565,0
DA:566,0
DA:567,0
DA:568,0
DA:569,0
DA:570,0
DA:571,0
DA:572,0
DA:573,0
DA:578,0
DA:582,0
DA:584,0
DA:585,0
DA:586,0
DA:587,0
DA:588,0
DA:589,0
DA:593,0
DA:597,0
DA:598,0
DA:599,0
DA:601,0
DA:603,0
DA:605,0
DA:616,0
DA:623,0
DA:628,0
DA:629,0
DA:630,0
DA:633,0
DA:635,0
DA:641,0
DA:647,0
DA:653,0
DA:658,0
DA:664,0
DA:669,0
DA:670,0
DA:671,0
DA:674,0
DA:676,0
DA:681,0
DA:683,0
DA:685,0
DA:690,0
DA:692,0
DA:694,0
DA:699,0
DA:701,0
DA:703,0
DA:713,0
DA:717,0
DA:719,0
DA:720,0
DA:722,0
DA:723,0
DA:725,0
DA:734,0
DA:735,0
DA:737,0
DA:738,0
DA:741,0
DA:742,0
DA:745,0
DA:746,0
DA:749,0
DA:750,0
LF:274
LH:0
end_of_record
SF:lib/src/cloud/dart_desk_auth.dart
DA:32,0
DA:41,0
DA:42,0
DA:56,0
DA:58,0
DA:60,0
DA:61,0
DA:64,0
DA:66,0
DA:67,0
DA:68,0
DA:71,0
DA:72,0
DA:73,0
DA:74,0
DA:75,0
DA:81,0
DA:82,0
DA:83,0
DA:88,0
DA:89,0
DA:91,0
DA:92,0
DA:94,0
DA:97,0
DA:98,0
DA:101,0
DA:102,0
DA:105,0
DA:106,0
DA:107,0
DA:112,0
DA:113,0
DA:114,0
DA:115,0
DA:117,0
DA:121,0
DA:122,0
DA:124,0
DA:126,0
DA:127,0
DA:128,0
DA:132,0
DA:136,0
DA:137,0
DA:138,0
DA:139,0
DA:144,0
DA:145,0
DA:148,0
DA:149,0
DA:150,0
DA:154,0
DA:155,0
DA:156,0
DA:162,0
DA:163,0
DA:164,0
DA:165,0
DA:166,0
DA:167,0
DA:171,0
DA:174,0
DA:176,0
DA:178,0
DA:179,0
DA:180,0
DA:186,0
DA:188,0
DA:189,0
DA:190,0
DA:191,0
DA:194,0
DA:196,0
DA:197,0
DA:200,0
DA:201,0
DA:204,0
DA:207,0
DA:208,0
DA:209,0
DA:210,0
DA:212,0
DA:215,0
DA:217,0
DA:225,0
DA:226,0
DA:227,0
DA:228,0
DA:229,0
DA:230,0
DA:231,0
DA:233,0
DA:235,0
DA:238,0
DA:239,0
DA:240,0
DA:243,0
DA:244,0
DA:245,0
DA:248,0
DA:249,0
DA:250,0
DA:251,0
DA:252,0
DA:256,0
DA:259,0
DA:261,0
DA:263,0
DA:264,0
DA:266,0
DA:270,0
DA:271,0
DA:272,0
DA:274,0
DA:279,0
DA:280,0
DA:282,0
DA:283,0
DA:285,0
DA:286,0
DA:287,0
DA:292,0
DA:294,0
DA:295,0
DA:297,0
DA:300,0
DA:302,0
DA:308,0
DA:310,0
DA:311,0
DA:315,0
DA:317,0
DA:318,0
DA:320,0
DA:321,0
DA:322,0
DA:323,0
DA:324,0
DA:325,0
DA:331,0
DA:333,0
DA:335,0
DA:337,0
DA:338,0
DA:350,0
DA:351,0
DA:353,0
LF:148
LH:0
end_of_record
SF:lib/src/data/models/cms_document_data.dart
DA:29,0
DA:40,0
DA:49,0
DA:50,0
DA:51,0
DA:52,0
DA:53,0
DA:54,0
DA:55,0
DA:56,0
DA:61,0
DA:62,0
DA:65,0
DA:66,0
DA:67,0
DA:70,0
DA:73,0
DA:74,0
DA:75,0
DA:77,0
DA:78,0
DA:80,0
DA:81,0
DA:83,0
DA:84,0
DA:89,0
DA:90,0
DA:91,0
DA:92,0
DA:93,0
DA:94,0
DA:95,0
DA:96,0
DA:97,0
DA:101,0
DA:103,0
DA:106,0
DA:109,0
DA:110,0
DA:111,0
DA:114,0
DA:115,0
LF:42
LH:0
end_of_record
SF:lib/src/data/models/image_reference.dart
DA:10,1
DA:17,0
DA:18,0
DA:19,0
DA:20,0
DA:21,0
DA:22,0
DA:25,1
DA:26,1
DA:28,1
DA:29,1
DA:30,1
DA:34,1
DA:35,2
DA:38,0
DA:44,0
DA:45,0
DA:46,0
DA:47,0
DA:48,0
LF:20
LH:8
end_of_record
SF:lib/src/inputs/edit_styles/edit_styles.dart
DA:3,1
DA:8,1
DA:13,0
LF:3
LH:2
end_of_record
SF:lib/src/inputs/hotspot/aspect_ratio_preview.dart
DA:13,1
DA:26,1
DA:28,1
DA:30,1
DA:31,2
DA:32,1
DA:33,1
DA:35,1
DA:36,1
DA:37,1
DA:39,1
DA:40,1
DA:41,3
DA:42,1
DA:44,1
DA:45,1
DA:46,1
DA:48,1
DA:49,1
DA:50,4
DA:51,4
DA:54,2
DA:59,1
DA:61,3
DA:62,2
DA:68,1
LF:26
LH:26
end_of_record
SF:lib/src/inputs/hotspot/crop_overlay_painter.dart
DA:9,1
DA:11,1
DA:13,1
DA:14,4
DA:15,4
DA:16,6
DA:17,6
DA:21,3
DA:24,3
DA:25,2
DA:28,3
DA:30,1
DA:33,1
DA:35,1
DA:36,1
DA:37,1
DA:38,1
DA:42,2
DA:43,2
DA:44,1
DA:45,2
DA:46,1
DA:48,2
DA:50,1
DA:51,5
DA:52,5
DA:56,1
DA:57,5
DA:58,5
DA:64,2
DA:66,1
DA:67,1
DA:68,1
DA:69,1
DA:70,1
DA:71,1
DA:72,1
DA:73,1
DA:74,1
DA:76,2
DA:77,1
DA:78,1
DA:84,1
DA:86,6
LF:44
LH:44
end_of_record
SF:lib/src/inputs/hotspot/hotspot_painter.dart
DA:8,1
DA:10,1
DA:12,9
DA:13,5
DA:14,5
DA:17,3
DA:20,1
DA:22,3
DA:26,1
DA:28,1
DA:29,1
DA:30,1
DA:31,1
DA:36,1
DA:37,1
DA:38,1
DA:39,1
DA:40,4
DA:41,4
DA:44,1
DA:45,4
DA:46,4
DA:49,3
DA:52,2
DA:54,1
DA:55,4
DA:56,4
DA:57,4
DA:58,4
DA:60,2
DA:61,1
DA:62,1
DA:65,1
DA:66,1
DA:67,1
DA:68,1
DA:73,1
DA:74,3
LF:38
LH:38
end_of_record
SF:lib/src/inputs/hotspot/image_hotspot_editor.dart
DA:16,1
DA:24,1
DA:25,1
DA:30,2
DA:31,2
DA:34,2
DA:35,2
DA:43,2
DA:45,1
DA:47,1
DA:48,1
DA:51,1
DA:53,4
DA:54,3
DA:55,1
DA:56,2
DA:57,7
DA:62,1
DA:64,1
DA:65,2
DA:67,1
DA:71,1
DA:73,1
DA:75,1
DA:77,2
DA:82,1
DA:84,1
DA:85,1
DA:86,1
DA:87,1
DA:88,1
DA:89,0
DA:90,0
DA:91,0
DA:92,0
DA:93,0
DA:94,1
DA:95,1
DA:97,1
DA:98,1
DA:99,2
DA:104,1
DA:105,1
DA:106,2
DA:107,1
DA:108,2
DA:109,1
DA:115,1
DA:116,1
DA:117,2
DA:119,3
DA:134,1
DA:135,2
DA:136,2
DA:137,2
DA:138,2
DA:145,1
DA:147,1
DA:148,1
DA:150,1
DA:155,1
DA:157,1
DA:167,0
DA:168,0
DA:169,0
DA:170,0
DA:173,0
DA:174,0
DA:175,0
DA:177,0
DA:178,0
DA:179,0
DA:180,0
DA:182,0
DA:183,0
DA:186,0
DA:187,0
DA:190,0
DA:191,0
DA:194,0
DA:195,0
DA:200,0
DA:201,0
DA:206,0
DA:207,0
DA:208,0
DA:209,0
DA:211,0
DA:212,0
DA:213,0
DA:214,0
DA:215,0
DA:216,0
DA:217,0
DA:218,0
DA:219,0
DA:220,0
DA:221,0
DA:222,0
DA:223,0
DA:224,0
DA:225,0
DA:226,0
DA:230,0
DA:231,0
DA:232,0
DA:233,0
DA:234,0
DA:235,0
DA:236,0
DA:238,0
DA:239,0
DA:240,0
DA:241,0
DA:242,0
DA:244,0
DA:245,0
DA:246,0
DA:247,0
DA:248,0
DA:250,0
DA:251,0
DA:252,0
DA:253,0
DA:254,0
DA:256,0
DA:257,0
DA:258,0
DA:259,0
DA:260,0
DA:262,0
DA:263,0
DA:264,0
DA:265,0
DA:266,0
DA:267,0
DA:268,0
DA:270,0
DA:271,0
DA:272,0
DA:273,0
DA:274,0
DA:275,0
DA:276,0
DA:278,0
DA:279,0
DA:280,0
DA:281,0
DA:282,0
DA:283,0
DA:284,0
DA:286,0
DA:287,0
DA:288,0
DA:289,0
DA:290,0
DA:291,0
DA:292,0
DA:297,1
DA:298,2
DA:299,2
DA:303,1
DA:304,7
LF:163
LH:62
end_of_record
SF:lib/src/media/browser/media_browser.dart
DA:28,0
DA:36,0
DA:37,0
DA:44,0
DA:46,0
DA:47,0
DA:50,0
DA:52,0
DA:53,0
DA:56,0
DA:58,0
DA:60,0
DA:61,0
DA:63,0
DA:67,0
DA:68,0
DA:69,0
DA:72,0
DA:73,0
DA:74,0
DA:76,0
DA:79,0
DA:80,0
DA:82,0
DA:84,0
DA:85,0
DA:86,0
DA:88,0
DA:90,0
DA:92,0
DA:93,0
DA:94,0
DA:97,0
DA:100,0
DA:101,0
DA:102,0
DA:106,0
DA:108,0
DA:110,0
DA:113,0
DA:114,0
DA:115,0
DA:118,0
DA:120,0
DA:122,0
DA:123,0
DA:124,0
DA:125,0
DA:128,0
DA:131,0
DA:133,0
DA:143,0
DA:145,0
DA:147,0
DA:156,0
DA:158,0
DA:162,0
DA:163,0
DA:165,0
DA:168,0
DA:169,0
DA:170,0
DA:172,0
DA:174,0
DA:175,0
DA:182,0
DA:183,0
DA:185,0
DA:187,0
DA:189,0
DA:190,0
DA:192,0
DA:193,0
DA:194,0
DA:197,0
DA:198,0
DA:199,0
DA:204,0
DA:205,0
DA:206,0
DA:210,0
DA:211,0
DA:214,0
DA:216,0
DA:217,0
DA:218,0
DA:219,0
DA:222,0
DA:224,0
DA:225,0
DA:235,0
DA:237,0
DA:238,0
DA:240,0
DA:241,0
DA:242,0
DA:243,0
DA:245,0
DA:246,0
DA:247,0
DA:249,0
DA:250,0
DA:251,0
DA:252,0
DA:260,0
DA:261,0
DA:262,0
DA:264,0
DA:266,0
DA:267,0
DA:268,0
DA:269,0
DA:282,0
DA:283,0
DA:284,0
DA:285,0
DA:288,0
DA:289,0
DA:292,0
DA:295,0
LF:120
LH:0
end_of_record
SF:lib/src/media/image_transform_params.dart
DA:13,1
LF:1
LH:1
end_of_record
SF:lib/src/media/image_url.dart
DA:12,0
DA:15,0
DA:22,0
DA:28,0
DA:29,0
DA:30,0
DA:32,0
DA:33,0
DA:36,0
DA:37,0
LF:10
LH:0
end_of_record
SF:lib/src/studio/components/forms/cms_form.dart
DA:35,4
DA:36,2
DA:40,0
DA:41,0
DA:46,2
DA:48,6
DA:49,0
DA:54,2
DA:55,2
DA:56,2
DA:59,0
DA:61,2
DA:62,4
DA:63,4
DA:66,6
DA:68,2
DA:69,4
DA:70,4
DA:73,3
DA:75,1
DA:76,2
DA:77,2
DA:80,3
DA:82,1
DA:83,2
DA:84,2
DA:87,0
DA:89,1
DA:90,2
DA:91,2
DA:94,0
DA:96,1
DA:97,2
DA:98,2
DA:101,0
DA:103,1
DA:104,2
DA:105,2
DA:108,0
DA:110,1
DA:111,2
DA:112,2
DA:115,0
DA:117,1
DA:118,2
DA:119,2
DA:122,0
DA:125,1
DA:126,0
DA:127,0
DA:130,0
DA:132,1
DA:133,2
DA:134,2
DA:137,0
DA:139,1
DA:140,2
DA:141,2
DA:144,0
DA:146,1
DA:147,2
DA:148,2
DA:151,0
DA:153,1
DA:154,2
DA:155,2
DA:158,0
DA:161,1
DA:162,2
DA:163,2
DA:166,0
DA:168,1
DA:169,2
DA:170,2
DA:173,0
DA:181,0
DA:182,0
DA:195,1
DA:203,1
DA:204,1
DA:208,1
DA:210,3
DA:213,1
DA:214,1
DA:215,3
DA:216,4
DA:220,1
DA:221,3
DA:222,1
DA:223,2
DA:227,0
DA:232,1
DA:235,2
DA:240,0
DA:241,0
DA:242,0
DA:247,1
DA:249,1
DA:251,1
DA:252,1
DA:253,1
DA:254,1
DA:255,1
DA:256,1
DA:258,1
DA:259,1
DA:260,2
DA:261,5
DA:262,1
DA:263,4
DA:264,1
DA:266,1
LF:112
LH:87
end_of_record
SF:lib/src/media/browser/asset_detail_panel.dart
DA:16,0
DA:23,0
DA:24,0
DA:32,0
DA:34,0
DA:35,0
DA:36,0
DA:39,0
DA:41,0
DA:42,0
DA:43,0
DA:44,0
DA:45,0
DA:46,0
DA:50,0
DA:52,0
DA:53,0
DA:56,0
DA:57,0
DA:58,0
DA:60,0
DA:61,0
DA:62,0
DA:63,0
DA:64,0
DA:71,0
DA:73,0
DA:74,0
DA:77,0
DA:79,0
DA:81,0
DA:83,0
DA:85,0
DA:87,0
DA:88,0
DA:89,0
DA:90,0
DA:91,0
DA:95,0
DA:97,0
DA:102,0
DA:105,0
DA:106,0
DA:108,0
DA:110,0
DA:113,0
DA:114,0
DA:115,0
DA:116,0
DA:119,0
DA:120,0
DA:122,0
DA:125,0
DA:126,0
DA:127,0
DA:128,0
DA:129,0
DA:130,0
DA:135,0
DA:137,0
DA:138,0
DA:139,0
DA:141,0
DA:142,0
DA:143,0
DA:144,0
DA:145,0
DA:146,0
DA:147,0
DA:148,0
DA:149,0
DA:155,0
DA:157,0
DA:158,0
DA:161,0
DA:164,0
DA:165,0
DA:166,0
DA:167,0
DA:169,0
DA:170,0
DA:172,0
DA:175,0
DA:182,0
DA:183,0
DA:185,0
DA:186,0
DA:187,0
DA:188,0
DA:197,0
DA:198,0
DA:200,0
DA:202,0
DA:203,0
DA:205,0
DA:206,0
DA:207,0
DA:209,0
DA:210,0
DA:217,0
DA:218,0
DA:219,0
DA:221,0
DA:222,0
DA:225,0
DA:227,0
DA:231,0
DA:232,0
DA:233,0
DA:236,0
DA:238,0
DA:239,0
DA:240,0
DA:242,0
DA:245,0
DA:247,0
DA:248,0
DA:249,0
DA:251,0
DA:252,0
DA:253,0
DA:259,0
DA:260,0
DA:262,0
DA:263,0
DA:264,0
DA:267,0
DA:268,0
DA:270,0
DA:271,0
DA:272,0
DA:273,0
LF:132
LH:0
end_of_record
SF:lib/src/media/browser/media_browser_state.dart
DA:29,1
DA:31,1
DA:32,2
DA:33,2
DA:35,2
DA:36,5
DA:37,2
DA:38,2
DA:39,1
DA:40,4
DA:42,3
DA:43,3
DA:45,0
DA:47,2
DA:51,0
DA:53,0
DA:54,0
DA:58,1
DA:59,2
DA:60,3
DA:61,2
DA:63,1
DA:66,1
DA:67,2
DA:69,7
DA:72,0
DA:74,1
DA:75,2
DA:76,2
DA:77,2
DA:78,2
DA:79,2
DA:80,2
DA:81,2
DA:82,2
DA:83,2
DA:84,2
LF:37
LH:32
end_of_record
SF:lib/src/media/browser/media_grid.dart
DA:12,0
DA:14,0
DA:16,0
DA:17,0
DA:18,0
DA:19,0
DA:21,0
DA:25,0
DA:26,0
DA:27,0
DA:31,0
DA:38,0
DA:39,0
DA:40,0
DA:41,0
DA:43,0
DA:44,0
DA:45,0
DA:46,0
DA:47,0
DA:49,0
DA:50,0
DA:51,0
DA:53,0
DA:54,0
DA:57,0
DA:59,0
DA:60,0
DA:61,0
DA:63,0
DA:65,0
DA:67,0
DA:68,0
DA:69,0
DA:71,0
DA:72,0
DA:74,0
DA:79,0
DA:80,0
DA:82,0
DA:83,0
DA:86,0
DA:89,0
DA:91,0
DA:92,0
DA:96,0
DA:103,0
DA:104,0
DA:108,0
DA:114,0
DA:115,0
DA:138,0
DA:139,0
DA:142,0
DA:143,0
DA:144,0
DA:145,0
DA:147,0
DA:149,0
DA:150,0
DA:151,0
LF:61
LH:0
end_of_record
SF:lib/src/media/browser/media_list_view.dart
DA:12,0
DA:14,0
DA:16,0
DA:17,0
DA:18,0
DA:19,0
DA:21,0
DA:25,0
DA:26,0
DA:27,0
DA:31,0
DA:33,0
DA:34,0
DA:35,0
DA:36,0
DA:38,0
DA:39,0
DA:40,0
DA:41,0
DA:42,0
DA:44,0
DA:46,0
DA:48,0
DA:50,0
DA:51,0
DA:54,0
DA:55,0
DA:57,0
DA:60,0
DA:61,0
DA:62,0
DA:63,0
DA:64,0
DA:66,0
DA:67,0
DA:71,0
DA:72,0
DA:82,0
DA:83,0
DA:85,0
DA:86,0
DA:87,0
DA:90,0
DA:94,0
DA:95,0
DA:96,0
DA:97,0
DA:104,0
DA:105,0
DA:106,0
DA:107,0
DA:118,0
DA:119,0
LF:53
LH:0
end_of_record
SF:lib/src/media/browser/media_toolbar.dart
DA:14,0
DA:16,0
DA:17,0
DA:25,0
DA:27,0
DA:28,0
DA:29,0
DA:32,0
DA:33,0
DA:34,0
DA:35,0
DA:36,0
DA:37,0
DA:41,0
DA:43,0
DA:45,0
DA:47,0
DA:48,0
DA:50,0
DA:51,0
DA:53,0
DA:55,0
DA:56,0
DA:58,0
DA:61,0
DA:69,0
DA:72,0
DA:74,0
DA:75,0
DA:76,0
DA:79,0
DA:80,0
DA:81,0
DA:82,0
DA:87,0
DA:89,0
DA:91,0
DA:92,0
DA:95,0
DA:96,0
DA:97,0
DA:98,0
DA:99,0
DA:104,0
DA:105,0
DA:106,0
DA:108,0
DA:109,0
DA:110,0
DA:123,0
DA:124,0
DA:125,0
DA:126,0
DA:127,0
DA:130,0
DA:131,0
DA:132,0
DA:133,0
DA:134,0
DA:135,0
DA:136,0
LF:61
LH:0
end_of_record
SF:lib/src/studio/components/common/cms_document_type_decoration.dart
DA:14,0
DA:21,0
DA:26,0
DA:27,0
DA:28,0
DA:29,0
LF:6
LH:0
end_of_record
SF:lib/src/studio/components/common/default_cms_header.dart
DA:12,0
DA:20,0
DA:22,0
DA:24,0
DA:26,0
DA:27,0
DA:28,0
DA:31,0
DA:33,0
DA:34,0
DA:35,0
DA:36,0
DA:37,0
DA:40,0
DA:41,0
DA:42,0
DA:43,0
DA:50,0
DA:52,0
DA:53,0
DA:54,0
DA:55,0
DA:73,0
DA:82,0
DA:83,0
DA:86,0
DA:88,0
DA:89,0
DA:90,0
DA:91,0
LF:30
LH:0
end_of_record
SF:lib/src/studio/routes/studio_coordinator.dart
DA:20,0
DA:21,0
DA:28,0
DA:35,0
DA:36,0
DA:38,0
DA:39,0
DA:40,0
DA:41,0
DA:42,0
DA:46,0
DA:47,0
DA:48,0
DA:49,0
DA:53,0
DA:54,0
DA:55,0
DA:59,0
DA:61,0
DA:63,0
DA:64,0
DA:67,0
DA:68,0
DA:72,0
DA:73,0
DA:74,0
DA:75,0
DA:76,0
LF:28
LH:0
end_of_record
SF:lib/src/studio/theme/theme.dart
DA:12,0
DA:18,0
LF:2
LH:0
end_of_record
SF:lib/src/studio/components/common/cms_breadcrumbs.dart
DA:13,0
DA:24,0
DA:26,0
DA:28,0
DA:30,0
DA:32,0
DA:33,0
DA:34,0
DA:35,0
DA:37,0
DA:39,0
DA:41,0
DA:45,0
DA:46,0
DA:47,0
DA:59,0
DA:61,0
DA:63,0
DA:65,0
DA:67,0
DA:68,0
DA:69,0
DA:72,0
DA:73,0
DA:75,0
DA:76,0
DA:77,0
DA:82,0
LF:28
LH:0
end_of_record
SF:lib/src/studio/components/common/cms_button.dart
DA:12,1
DA:21,1
DA:23,1
DA:24,1
DA:25,1
DA:26,2
DA:27,1
DA:28,0
DA:30,0
DA:32,0
DA:36,3
LF:11
LH:8
end_of_record
SF:lib/src/studio/components/common/cms_collapse_bar.dart
DA:12,1
DA:18,1
DA:20,1
DA:22,1
DA:23,1
DA:24,1
DA:26,1
DA:29,1
DA:30,1
DA:31,1
DA:32,3
DA:36,1
DA:37,1
DA:40,1
DA:41,1
DA:42,1
DA:46,2
DA:48,2
DA:50,1
DA:52,1
DA:54,2
LF:21
LH:21
end_of_record
SF:lib/src/studio/components/common/cms_document_type_item.dart
DA:19,0
DA:28,0
DA:30,0
DA:32,0
DA:33,0
DA:35,0
DA:36,0
DA:37,0
DA:39,0
DA:41,0
DA:42,0
DA:43,0
DA:44,0
DA:46,0
DA:47,0
DA:48,0
DA:49,0
DA:50,0
DA:56,0
DA:57,0
DA:58,0
DA:59,0
DA:61,0
DA:62,0
DA:63,0
DA:66,0
DA:67,0
DA:68,0
DA:69,0
DA:71,0
DA:72,0
DA:73,0
DA:76,0
DA:77,0
DA:78,0
DA:79,0
DA:81,0
DA:82,0
DA:83,0
DA:84,0
DA:95,0
DA:96,0
DA:97,0
LF:43
LH:0
end_of_record
SF:lib/src/studio/components/common/cms_status_pill.dart
DA:19,1
DA:25,1
DA:27,1
DA:28,2
DA:30,4
DA:33,0
DA:34,0
DA:38,1
DA:39,1
DA:41,0
DA:42,0
DA:46,1
DA:48,0
DA:49,1
DA:53,0
DA:54,0
DA:55,0
DA:58,0
DA:60,0
DA:61,0
DA:67,1
DA:69,1
DA:71,1
DA:73,1
DA:75,1
DA:76,1
DA:79,1
DA:82,1
DA:84,1
LF:29
LH:18
end_of_record
SF:lib/src/studio/components/common/cms_theme_toggle.dart
DA:16,0
DA:22,0
DA:24,0
DA:25,0
DA:27,0
DA:29,0
DA:30,0
DA:31,0
DA:32,0
DA:34,0
DA:36,0
DA:37,0
DA:41,0
DA:44,0
DA:48,0
DA:64,0
DA:72,0
DA:74,0
DA:75,0
DA:76,0
DA:78,0
DA:80,0
DA:81,0
DA:82,0
DA:84,0
DA:86,0
DA:87,0
DA:88,0
DA:90,0
DA:92,0
DA:93,0
DA:94,0
LF:32
LH:0
end_of_record
SF:lib/src/studio/components/navigation/cms_document_type_sidebar.dart
DA:23,0
DA:31,0
DA:33,0
DA:34,0
DA:35,0
DA:36,0
DA:38,0
DA:42,0
DA:43,0
DA:44,0
DA:45,0
DA:48,0
DA:49,0
DA:50,0
DA:52,0
DA:56,0
DA:58,0
DA:60,0
DA:62,0
DA:69,0
DA:70,0
DA:71,0
DA:75,0
DA:76,0
DA:78,0
DA:80,0
DA:81,0
DA:83,0
DA:85,0
DA:86,0
DA:87,0
DA:92,0
DA:95,0
DA:96,0
DA:98,0
DA:99,0
LF:36
LH:0
end_of_record
SF:lib/src/studio/routes/document_type_route.dart
DA:9,0
DA:11,0
DA:14,0
DA:15,0
DA:17,0
DA:18,0
DA:20,0
LF:7
LH:0
end_of_record
SF:lib/src/studio/components/version/cms_version_history.dart
DA:33,0
DA:35,0
DA:36,0
DA:42,0
DA:44,0
DA:45,0
DA:48,0
DA:50,0
DA:51,0
DA:54,0
DA:56,0
DA:58,0
DA:59,0
DA:62,0
DA:63,0
DA:64,0
DA:67,0
DA:69,0
DA:70,0
DA:71,0
DA:72,0
DA:73,0
DA:74,0
DA:75,0
DA:82,0
DA:83,0
DA:84,0
DA:85,0
DA:88,0
DA:89,0
DA:91,0
DA:92,0
DA:98,0
DA:104,0
DA:106,0
DA:107,0
DA:110,0
DA:112,0
DA:113,0
DA:114,0
DA:115,0
DA:116,0
DA:118,0
DA:123,0
DA:124,0
DA:125,0
DA:127,0
DA:128,0
DA:133,0
DA:134,0
DA:137,0
DA:145,0
DA:146,0
DA:148,0
DA:150,0
DA:151,0
DA:153,0
DA:154,0
DA:157,0
DA:160,0
DA:162,0
DA:163,0
DA:173,0
DA:178,0
DA:180,0
DA:182,0
DA:183,0
DA:184,0
DA:186,0
DA:187,0
DA:192,0
DA:195,0
DA:203,0
DA:208,0
DA:209,0
DA:212,0
DA:215,0
DA:216,0
DA:217,0
DA:218,0
DA:219,0
DA:220,0
DA:221,0
DA:227,0
DA:230,0
DA:232,0
DA:234,0
DA:236,0
DA:238,0
DA:242,0
DA:244,0
DA:245,0
DA:248,0
DA:249,0
DA:252,0
DA:254,0
DA:255,0
DA:257,0
DA:259,0
DA:262,0
DA:263,0
DA:264,0
DA:266,0
DA:267,0
DA:268,0
DA:270,0
DA:273,0
DA:274,0
DA:276,0
DA:277,0
DA:288,0
DA:289,0
DA:291,0
DA:293,0
DA:295,0
DA:296,0
DA:297,0
DA:300,0
DA:301,0
DA:311,0
DA:313,0
DA:316,0
DA:317,0
DA:318,0
DA:323,0
DA:324,0
DA:325,0
DA:331,0
DA:332,0
DA:334,0
DA:336,0
DA:338,0
DA:339,0
DA:340,0
DA:343,0
DA:344,0
DA:354,0
DA:356,0
DA:359,0
DA:360,0
DA:361,0
DA:366,0
DA:367,0
DA:368,0
DA:375,0
DA:376,0
DA:379,0
DA:380,0
DA:381,0
DA:382,0
DA:384,0
DA:386,0
DA:387,0
DA:390,0
DA:391,0
DA:394,0
DA:397,0
DA:401,0
DA:403,0
DA:405,0
DA:409,0
DA:411,0
DA:428,0
DA:436,0
DA:437,0
DA:443,0
DA:445,0
DA:447,0
DA:448,0
DA:449,0
DA:450,0
DA:451,0
DA:452,0
DA:454,0
DA:455,0
DA:456,0
DA:457,0
DA:458,0
DA:461,0
DA:463,0
DA:465,0
DA:468,0
DA:469,0
DA:470,0
DA:471,0
DA:474,0
DA:475,0
DA:476,0
DA:477,0
DA:479,0
DA:480,0
DA:481,0
DA:489,0
DA:490,0
DA:492,0
DA:494,0
DA:495,0
DA:496,0
DA:497,0
DA:498,0
DA:500,0
DA:501,0
DA:502,0
DA:507,0
DA:511,0
DA:513,0
DA:514,0
DA:515,0
DA:519,0
DA:520,0
DA:522,0
DA:523,0
DA:524,0
DA:533,0
DA:535,0
DA:536,0
DA:540,0
DA:544,0
DA:546,0
DA:547,0
DA:551,0
DA:556,0
DA:558,0
DA:561,0
DA:562,0
DA:565,0
DA:566,0
DA:568,0
DA:571,0
DA:585,0
DA:586,0
DA:587,0
DA:589,0
DA:590,0
DA:591,0
DA:594,0
DA:596,0
DA:597,0
DA:599,0
DA:600,0
DA:601,0
DA:602,0
DA:603,0
DA:604,0
DA:605,0
DA:606,0
DA:608,0
DA:609,0
DA:619,0
DA:621,0
DA:623,0
DA:630,0
DA:633,0
DA:634,0
DA:637,0
DA:638,0
DA:639,0
DA:640,0
DA:641,0
DA:642,0
DA:645,0
DA:647,0
DA:648,0
DA:649,0
DA:652,0
DA:653,0
DA:656,0
DA:658,0
DA:660,0
DA:662,0
DA:663,0
LF:271
LH:0
end_of_record
SF:lib/src/studio/core/view_models/cms_view_model.dart
DA:34,6
DA:35,4
DA:38,10
DA:70,4
DA:71,4
DA:72,6
DA:78,2
DA:79,2
DA:80,3
DA:98,2
DA:112,0
DA:113,0
DA:114,0
DA:115,0
DA:117,0
DA:118,0
DA:120,0
DA:129,0
DA:134,0
DA:137,0
DA:138,0
DA:140,0
DA:142,0
DA:144,0
DA:147,0
DA:150,0
DA:151,0
DA:155,0
DA:161,0
DA:163,0
DA:164,0
DA:165,0
DA:170,0
DA:171,0
DA:172,0
DA:173,0
DA:180,0
DA:193,0
DA:194,0
DA:196,0
DA:199,1
DA:205,2
DA:208,2
DA:210,2
DA:211,1
DA:218,4
DA:220,3
DA:221,2
DA:222,5
DA:225,6
DA:229,2
DA:233,1
DA:234,2
DA:236,4
DA:237,0
DA:238,0
DA:240,6
DA:245,0
DA:246,0
DA:249,0
DA:251,0
DA:252,0
DA:255,0
DA:263,0
DA:264,0
DA:267,0
DA:269,0
DA:271,0
DA:273,0
DA:275,0
DA:279,0
DA:283,0
DA:284,0
DA:287,0
DA:289,0
DA:291,0
DA:293,0
DA:295,0
DA:299,0
DA:303,0
DA:304,0
DA:306,0
DA:307,0
DA:310,0
DA:312,0
DA:322,0
DA:323,0
DA:330,1
DA:331,3
DA:333,3
DA:337,0
DA:338,0
DA:340,0
DA:344,0
DA:345,0
DA:347,0
DA:355,0
DA:356,0
DA:357,0
DA:358,0
DA:359,0
DA:360,0
DA:361,0
DA:362,0
DA:363,0
DA:364,0
DA:365,0
LF:107
LH:28
end_of_record
SF:lib/src/studio/core/marionette_config.dart
DA:16,0
DA:17,0
DA:18,0
DA:19,0
DA:20,0
DA:21,0
DA:22,0
DA:26,0
DA:27,0
DA:28,0
DA:31,0
DA:32,0
DA:34,0
DA:35,0
DA:37,0
DA:38,0
DA:40,0
DA:41,0
DA:43,0
DA:44,0
DA:46,0
DA:47,0
DA:52,0
DA:53,0
DA:59,0
DA:60,0
DA:63,0
DA:65,0
DA:68,0
DA:69,0
DA:70,0
DA:75,0
DA:77,0
DA:78,0
DA:79,0
DA:80,0
DA:81,0
DA:82,0
DA:84,0
DA:86,0
DA:90,0
DA:94,0
DA:95,0
DA:96,0
DA:97,0
DA:98,0
DA:105,0
DA:106,0
DA:108,0
DA:109,0
DA:110,0
DA:117,0
DA:119,0
DA:121,0
DA:124,0
DA:133,0
DA:135,0
DA:137,0
DA:143,0
DA:145,0
DA:147,0
DA:150,0
DA:157,0
DA:158,0
DA:159,0
DA:160,0
DA:161,0
DA:164,0
DA:165,0
DA:166,0
DA:167,0
DA:168,0
DA:171,0
DA:172,0
DA:173,0
DA:174,0
DA:175,0
DA:179,0
DA:180,0
LF:79
LH:0
end_of_record
SF:lib/src/studio/core/registry.dart
DA:66,0
DA:72,0
DA:73,0
DA:80,1
DA:93,0
DA:100,0
DA:101,0
DA:107,0
DA:109,0
DA:110,0
DA:113,0
DA:115,0
DA:119,0
DA:121,0
DA:122,0
DA:123,0
DA:127,0
DA:128,0
DA:129,0
DA:130,0
DA:131,0
DA:132,0
DA:133,0
DA:135,0
DA:136,0
DA:137,0
DA:139,0
DA:150,0
DA:151,0
DA:152,0
DA:155,0
LF:31
LH:1
end_of_record
SF:lib/src/studio/core/view_models/cms_document_view_model.dart
DA:40,2
DA:45,0
DA:50,0
DA:53,0
DA:55,0
DA:64,0
DA:65,0
DA:66,0
DA:71,0
DA:80,0
DA:81,0
DA:83,0
DA:86,0
DA:88,0
DA:92,0
DA:99,0
DA:100,0
DA:103,0
DA:107,0
DA:108,0
DA:110,0
DA:112,0
DA:113,0
DA:114,0
DA:121,0
DA:122,0
DA:123,0
DA:124,0
DA:125,0
DA:126,0
DA:127,0
LF:31
LH:1
end_of_record
SF:lib/src/studio/dart_desk_app.dart
DA:47,0
DA:62,0
DA:74,0
DA:76,0
DA:77,0
DA:78,0
DA:79,0
DA:80,0
DA:81,0
DA:82,0
DA:83,0
DA:88,0
DA:91,0
DA:92,0
DA:94,0
DA:95,0
DA:96,0
DA:97,0
DA:98,0
DA:99,0
LF:20
LH:0
end_of_record
SF:lib/src/studio/dart_desk_config.dart
DA:14,0
LF:1
LH:0
end_of_record
SF:lib/src/studio/routes/document_route.dart
DA:10,0
DA:12,0
DA:15,0
DA:16,0
DA:18,0
DA:19,0
DA:21,0
LF:7
LH:0
end_of_record
SF:lib/src/studio/routes/studio_layout.dart
DA:16,0
DA:18,0
DA:20,0
DA:22,0
DA:23,0
DA:24,0
DA:25,0
DA:27,0
DA:29,0
DA:30,0
DA:32,0
DA:34,0
DA:56,0
DA:62,0
DA:63,0
DA:67,0
DA:69,0
DA:70,0
DA:72,0
DA:73,0
DA:77,0
DA:79,0
DA:80,0
DA:83,0
DA:84,0
DA:86,0
DA:87,0
DA:88,0
DA:89,0
DA:93,0
DA:95,0
DA:96,0
DA:97,0
DA:99,0
DA:112,0
DA:114,0
DA:116,0
DA:117,0
DA:118,0
DA:121,0
DA:122,0
DA:124,0
DA:125,0
DA:126,0
DA:128,0
DA:134,0
DA:135,0
DA:136,0
DA:138,0
DA:139,0
DA:146,0
DA:147,0
DA:148,0
DA:151,0
DA:152,0
DA:154,0
DA:157,0
DA:158,0
DA:159,0
DA:160,0
DA:163,0
DA:164,0
DA:166,0
DA:167,0
DA:170,0
DA:171,0
DA:174,0
DA:175,0
DA:176,0
DA:179,0
DA:181,0
DA:182,0
DA:183,0
DA:185,0
DA:193,0
DA:196,0
DA:198,0
DA:199,0
DA:200,0
DA:201,0
DA:204,0
DA:205,0
DA:206,0
DA:209,0
DA:210,0
DA:211,0
DA:213,0
DA:216,0
DA:217,0
DA:220,0
DA:221,0
DA:224,0
LF:92
LH:0
end_of_record
SF:lib/src/studio/routes/media_route.dart
DA:9,0
DA:12,0
DA:13,0
DA:15,0
DA:16,0
DA:18,0
DA:20,0
DA:21,0
LF:8
LH:0
end_of_record
SF:lib/src/studio/routes/version_route.dart
DA:11,0
DA:13,0
DA:16,0
DA:17,0
DA:19,0
DA:20,0
DA:22,0
LF:7
LH:0
end_of_record
SF:lib/src/studio/screens/cms_studio.dart
DA:22,0
DA:28,0
DA:29,0
DA:33,0
DA:34,0
DA:35,0
DA:36,0
DA:37,0
DA:41,0
DA:43,0
DA:45,0
DA:46,0
DA:47,0
DA:50,0
DA:51,0
DA:61,0
DA:64,0
DA:65,0
DA:67,0
DA:71,0
DA:72,0
DA:79,0
DA:80,0
DA:81,0
DA:82,0
DA:89,0
DA:94,0
DA:97,0
DA:106,0
DA:107,0
DA:109,0
DA:110,0
DA:111,0
DA:112,0
DA:113,0
DA:114,0
DA:115,0
DA:119,0
DA:123,0
DA:124,0
DA:125,0
DA:126,0
DA:127,0
DA:128,0
DA:136,0
DA:142,0
DA:143,0
DA:147,0
DA:150,0
DA:151,0
DA:155,0
DA:156,0
DA:157,0
DA:158,0
DA:159,0
DA:164,0
DA:166,0
DA:168,0
DA:169,0
DA:171,0
DA:173,0
DA:178,0
DA:179,0
DA:181,0
DA:182,0
DA:185,0
DA:194,0
DA:200,0
DA:201,0
DA:203,0
DA:205,0
DA:207,0
DA:208,0
DA:210,0
DA:211,0
DA:212,0
DA:214,0
DA:217,0
DA:220,0
DA:224,0
DA:226,0
DA:236,0
DA:238,0
DA:239,0
DA:241,0
DA:242,0
DA:246,0
DA:248,0
DA:249,0
DA:250,0
DA:251,0
DA:252,0
DA:253,0
DA:254,0
DA:255,0
DA:264,0
DA:265,0
DA:266,0
DA:267,0
DA:269,0
DA:271,0
DA:275,0
DA:276,0
DA:277,0
DA:278,0
DA:279,0
DA:284,0
DA:291,0
DA:298,0
DA:301,0
DA:302,0
DA:303,0
DA:306,0
DA:307,0
DA:313,0
DA:315,0
DA:316,0
DA:317,0
DA:318,0
DA:320,0
DA:324,0
DA:325,0
DA:327,0
DA:329,0
DA:330,0
DA:336,0
LF:126
LH:0
end_of_record
SF:lib/src/studio/screens/document_editor.dart
DA:16,1
DA:18,1
DA:19,1
DA:25,1
DA:26,4
DA:28,1
DA:30,3
DA:31,2
DA:32,2
DA:33,4
DA:34,0
DA:36,1
DA:39,0
DA:40,0
DA:42,0
DA:43,0
DA:45,0
DA:49,0
DA:51,0
DA:52,0
DA:53,0
DA:55,0
DA:56,0
DA:67,0
DA:70,0
DA:71,0
DA:76,0
DA:77,0
DA:78,0
DA:79,0
DA:84,1
DA:86,3
DA:87,2
DA:91,0
DA:92,0
DA:93,0
DA:94,0
DA:95,0
DA:100,2
DA:101,4
DA:104,1
DA:105,1
DA:106,1
DA:107,1
DA:110,0
DA:111,0
DA:112,0
DA:113,0
DA:118,1
DA:120,2
DA:122,2
DA:123,2
DA:125,0
DA:130,2
DA:132,1
DA:135,0
DA:136,0
DA:137,0
DA:138,0
DA:139,0
DA:140,0
DA:143,0
DA:144,0
DA:145,0
DA:146,0
DA:151,0
DA:153,0
DA:155,0
DA:160,1
DA:161,3
DA:162,1
DA:164,2
DA:166,1
DA:167,1
DA:168,1
DA:169,1
DA:170,2
DA:171,1
DA:172,2
DA:173,1
DA:174,2
DA:178,1
DA:180,1
DA:181,1
DA:182,1
DA:183,2
DA:187,1
DA:189,1
DA:190,1
DA:193,1
DA:196,1
DA:199,1
LF:92
LH:50
end_of_record
SF:lib/src/studio/screens/document_list.dart
DA:27,1
DA:36,1
DA:37,1
DA:48,1
DA:50,1
DA:53,1
DA:55,1
DA:56,2
DA:57,2
DA:58,1
DA:61,1
DA:63,1
DA:64,2
DA:67,5
DA:68,1
DA:69,1
DA:70,2
DA:71,2
DA:72,0
DA:76,1
DA:77,1
DA:78,1
DA:80,1
DA:83,1
DA:85,3
DA:92,0
DA:93,0
DA:94,0
DA:96,0
DA:97,0
DA:100,0
DA:103,0
DA:105,0
DA:106,0
DA:112,0
DA:113,0
DA:114,0
DA:122,1
DA:127,2
DA:128,1
DA:129,2
DA:130,2
DA:131,2
DA:132,3
DA:133,1
DA:135,1
DA:136,1
DA:138,1
DA:139,1
DA:140,2
DA:141,0
DA:144,1
DA:145,1
DA:146,3
DA:147,3
DA:153,1
DA:154,0
DA:155,0
DA:156,0
DA:157,0
DA:158,0
DA:159,0
DA:163,1
DA:164,1
DA:171,1
DA:173,1
DA:174,2
DA:175,1
DA:181,2
DA:182,0
DA:184,0
DA:185,0
DA:186,0
DA:187,0
DA:194,1
DA:195,2
DA:196,1
DA:197,1
DA:199,1
DA:200,1
DA:203,2
DA:206,1
DA:207,2
DA:210,3
DA:211,2
DA:218,1
DA:221,3
DA:222,1
DA:224,1
DA:225,1
DA:226,0
DA:228,1
DA:229,1
DA:230,1
DA:234,1
DA:235,0
DA:236,0
DA:237,0
DA:244,0
DA:245,0
DA:246,0
DA:248,0
DA:249,0
DA:250,0
DA:251,0
DA:254,0
DA:257,0
DA:259,0
DA:260,0
DA:262,0
DA:265,0
DA:269,0
DA:270,0
DA:272,0
DA:273,0
DA:274,0
DA:275,0
DA:276,0
DA:279,0
DA:280,0
DA:282,0
DA:284,0
DA:285,0
DA:286,0
DA:290,0
DA:291,0
DA:292,0
DA:293,0
DA:294,0
DA:295,0
DA:296,0
DA:299,0
DA:300,0
DA:308,0
DA:309,0
DA:311,0
DA:320,0
DA:321,0
DA:322,0
DA:323,0
DA:324,0
DA:325,0
DA:326,0
DA:327,0
DA:328,0
DA:336,0
DA:337,0
DA:338,0
DA:339,0
DA:340,0
DA:342,0
DA:343,0
DA:346,0
DA:348,0
DA:350,0
DA:351,0
DA:352,0
DA:356,0
DA:357,0
DA:358,0
DA:359,0
DA:374,1
DA:380,2
DA:381,4
DA:383,1
DA:384,0
DA:385,0
DA:386,0
DA:389,1
DA:391,1
DA:396,1
DA:398,0
DA:400,1
DA:402,0
DA:403,2
DA:405,1
DA:407,1
DA:409,1
DA:411,1
DA:412,1
DA:413,1
DA:414,1
DA:415,1
DA:416,1
DA:421,2
DA:426,1
DA:427,1
DA:428,1
DA:431,3
DA:432,0
DA:435,0
DA:436,0
DA:443,0
DA:444,0
DA:445,0
DA:448,0
DA:449,0
DA:452,0
DA:453,0
DA:454,0
DA:457,0
DA:460,0
DA:462,0
DA:463,0
DA:475,2
DA:477,1
DA:478,2
DA:479,1
DA:481,2
DA:486,1
DA:487,1
DA:488,1
DA:489,2
DA:490,1
DA:492,1
DA:494,2
DA:497,1
DA:499,1
DA:501,2
DA:505,1
DA:506,2
DA:507,1
DA:509,2
DA:521,1
DA:523,1
DA:524,1
DA:525,2
DA:526,0
DA:527,0
DA:528,0
DA:529,0
DA:539,1
DA:544,1
DA:547,5
DA:549,1
DA:550,1
DA:551,0
DA:552,1
DA:553,2
DA:554,3
DA:558,1
LF:241
LH:124
end_of_record
